2023-01-18 11:06:04,899 INFO org.springframework.boot.StartupInfoLogger [restartedMain] Starting DemoApplication using Java 1.8.0_352 on shiney-new-thing.local with PID 23949 (/Users/Bug/tmp/demo/target/classes started by Bug in /Users/Bug/tmp/demo)
2023-01-18 11:06:04,901 INFO org.springframework.boot.SpringApplication [restartedMain] No active profile set, falling back to default profiles: default
2023-01-18 11:06:04,958 INFO org.springframework.boot.logging.DeferredLog [restartedMain] Devtools property defaults active! Set 'spring.devtools.add-properties' to 'false' to disable
2023-01-18 11:06:04,959 INFO org.springframework.boot.logging.DeferredLog [restartedMain] For additional web related logging consider setting the 'logging.level.web' property to 'DEBUG'
2023-01-18 11:06:05,606 INFO org.springframework.data.repository.config.RepositoryConfigurationDelegate [restartedMain] Bootstrapping Spring Data JPA repositories in DEFAULT mode.
2023-01-18 11:06:05,621 INFO org.springframework.data.repository.config.RepositoryConfigurationDelegate [restartedMain] Finished Spring Data repository scanning in 5 ms. Found 0 JPA repository interfaces.
2023-01-18 11:06:06,166 INFO org.springframework.boot.web.embedded.tomcat.TomcatWebServer [restartedMain] Tomcat initialized with port(s): 8080 (http)
2023-01-18 11:06:06,179 INFO org.apache.juli.logging.DirectJDKLog [restartedMain] Initializing ProtocolHandler ["http-nio-8080"]
2023-01-18 11:06:06,180 INFO org.apache.juli.logging.DirectJDKLog [restartedMain] Starting service [Tomcat]
2023-01-18 11:06:06,180 INFO org.apache.juli.logging.DirectJDKLog [restartedMain] Starting Servlet engine: [Apache Tomcat/9.0.55]
2023-01-18 11:06:06,251 INFO org.apache.juli.logging.DirectJDKLog [restartedMain] Initializing Spring embedded WebApplicationContext
2023-01-18 11:06:06,252 INFO org.springframework.boot.web.servlet.context.ServletWebServerApplicationContext [restartedMain] Root WebApplicationContext: initialization completed in 1292 ms
2023-01-18 11:06:06,297 INFO com.zaxxer.hikari.HikariDataSource [restartedMain] HikariPool-1 - Starting...
2023-01-18 11:06:06,455 INFO com.zaxxer.hikari.HikariDataSource [restartedMain] HikariPool-1 - Start completed.
2023-01-18 11:06:06,463 INFO org.springframework.boot.autoconfigure.h2.H2ConsoleAutoConfiguration [restartedMain] H2 console available at '/h2-console'. Database available at 'jdbc:h2:mem:5e053849-f07b-414b-bef2-c16e07939a5c'
2023-01-18 11:06:06,623 INFO org.hibernate.jpa.internal.util.LogHelper [restartedMain] HHH000204: Processing PersistenceUnitInfo [name: default]
2023-01-18 11:06:06,691 INFO org.hibernate.Version [restartedMain] HHH000412: Hibernate ORM core version 5.4.32.Final
2023-01-18 11:06:06,909 INFO org.hibernate.annotations.common.reflection.java.JavaReflectionManager [restartedMain] HCANN000001: Hibernate Commons Annotations {5.1.2.Final}
2023-01-18 11:06:07,044 INFO org.hibernate.dialect.Dialect [restartedMain] HHH000400: Using dialect: org.hibernate.dialect.H2Dialect
2023-01-18 11:06:07,280 INFO org.hibernate.engine.transaction.jta.platform.internal.JtaPlatformInitiator [restartedMain] HHH000490: Using JtaPlatform implementation: [org.hibernate.engine.transaction.jta.platform.internal.NoJtaPlatform]
2023-01-18 11:06:07,293 INFO org.springframework.orm.jpa.AbstractEntityManagerFactoryBean [restartedMain] Initialized JPA EntityManagerFactory for persistence unit 'default'
2023-01-18 11:06:07,322 INFO org.springframework.boot.devtools.autoconfigure.OptionalLiveReloadServer [restartedMain] LiveReload server is running on port 35729
2023-01-18 11:06:07,358 WARN org.springframework.boot.autoconfigure.orm.jpa.JpaBaseConfiguration$JpaWebConfiguration [restartedMain] spring.jpa.open-in-view is enabled by default. Therefore, database queries may be performed during view rendering. Explicitly configure spring.jpa.open-in-view to disable this warning
2023-01-18 11:06:07,653 INFO org.apache.juli.logging.DirectJDKLog [restartedMain] Starting ProtocolHandler ["http-nio-8080"]
2023-01-18 11:06:07,678 INFO org.springframework.boot.web.embedded.tomcat.TomcatWebServer [restartedMain] Tomcat started on port(s): 8080 (http) with context path ''
2023-01-18 11:06:07,688 INFO org.springframework.boot.StartupInfoLogger [restartedMain] Started DemoApplication in 3.554 seconds (JVM running for 4.388)
2023-01-18 11:06:07,728 INFO com.example.demo.DemoApplication [restartedMain] waiting 10 milliseconds
2023-01-18 11:06:07,736 INFO com.example.demo.DemoApplication [SimpleAsyncTaskExecutor-1] Done: service3
2023-01-18 11:06:11,230 INFO com.example.demo.DemoApplication [SimpleAsyncTaskExecutor-1] Done: service1
2023-01-18 11:06:11,332 INFO com.example.demo.DemoApplication [SimpleAsyncTaskExecutor-1] Done: service2
2023-01-18 11:06:11,343 INFO com.example.demo.DemoApplication [restartedMain] Result -> Hello World !
2023-01-18 11:06:11,374 INFO org.springframework.orm.jpa.AbstractEntityManagerFactoryBean [restartedMain] Closing JPA EntityManagerFactory for persistence unit 'default'
2023-01-18 11:06:11,374 INFO org.hibernate.tool.schema.internal.SchemaDropperImpl$DelayedDropActionImpl [restartedMain] HHH000477: Starting delayed evictData of schema as part of SessionFactory shut-down'
2023-01-18 11:06:11,604 WARN org.springframework.beans.factory.support.DisposableBeanAdapter [restartedMain] Invocation of destroy method failed on bean with name 'inMemoryDatabaseShutdownExecutor': org.h2.jdbc.JdbcSQLNonTransientConnectionException: Database is already closed (to disable automatic closing at VM shutdown, add ";DB_CLOSE_ON_EXIT=FALSE" to the db URL) [90121-200]
2023-01-18 11:06:11,605 INFO com.zaxxer.hikari.HikariDataSource [restartedMain] HikariPool-1 - Shutdown initiated...
2023-01-18 11:06:11,607 INFO com.zaxxer.hikari.HikariDataSource [restartedMain] HikariPool-1 - Shutdown completed.
2023-01-18 11:10:53,069 INFO org.springframework.boot.StartupInfoLogger [restartedMain] Starting DemoApplication using Java 1.8.0_352 on shiney-new-thing.local with PID 23972 (/Users/Bug/tmp/demo/target/classes started by Bug in /Users/Bug/tmp/demo)
2023-01-18 11:10:53,071 INFO org.springframework.boot.SpringApplication [restartedMain] No active profile set, falling back to default profiles: default
2023-01-18 11:10:53,128 INFO org.springframework.boot.logging.DeferredLog [restartedMain] Devtools property defaults active! Set 'spring.devtools.add-properties' to 'false' to disable
2023-01-18 11:10:53,128 INFO org.springframework.boot.logging.DeferredLog [restartedMain] For additional web related logging consider setting the 'logging.level.web' property to 'DEBUG'
2023-01-18 11:10:53,739 INFO org.springframework.data.repository.config.RepositoryConfigurationDelegate [restartedMain] Bootstrapping Spring Data JPA repositories in DEFAULT mode.
2023-01-18 11:10:53,752 INFO org.springframework.data.repository.config.RepositoryConfigurationDelegate [restartedMain] Finished Spring Data repository scanning in 5 ms. Found 0 JPA repository interfaces.
2023-01-18 11:10:54,257 INFO org.springframework.boot.web.embedded.tomcat.TomcatWebServer [restartedMain] Tomcat initialized with port(s): 8080 (http)
2023-01-18 11:10:54,335 INFO org.springframework.boot.web.servlet.context.ServletWebServerApplicationContext [restartedMain] Root WebApplicationContext: initialization completed in 1205 ms
2023-01-18 11:10:54,376 INFO com.zaxxer.hikari.HikariDataSource [restartedMain] HikariPool-1 - Starting...
2023-01-18 11:10:54,522 INFO com.zaxxer.hikari.HikariDataSource [restartedMain] HikariPool-1 - Start completed.
2023-01-18 11:10:54,529 INFO org.springframework.boot.autoconfigure.h2.H2ConsoleAutoConfiguration [restartedMain] H2 console available at '/h2-console'. Database available at 'jdbc:h2:mem:1d9648e1-21e4-4b2a-b0f6-62c5780bf2bd'
2023-01-18 11:10:54,681 INFO org.hibernate.jpa.internal.util.LogHelper [restartedMain] HHH000204: Processing PersistenceUnitInfo [name: default]
2023-01-18 11:10:54,747 INFO org.hibernate.Version [restartedMain] HHH000412: Hibernate ORM core version 5.4.32.Final
2023-01-18 11:10:54,969 INFO org.hibernate.annotations.common.reflection.java.JavaReflectionManager [restartedMain] HCANN000001: Hibernate Commons Annotations {5.1.2.Final}
2023-01-18 11:10:55,110 INFO org.hibernate.dialect.Dialect [restartedMain] HHH000400: Using dialect: org.hibernate.dialect.H2Dialect
2023-01-18 11:10:55,345 INFO org.hibernate.engine.transaction.jta.platform.internal.JtaPlatformInitiator [restartedMain] HHH000490: Using JtaPlatform implementation: [org.hibernate.engine.transaction.jta.platform.internal.NoJtaPlatform]
2023-01-18 11:10:55,356 INFO org.springframework.orm.jpa.AbstractEntityManagerFactoryBean [restartedMain] Initialized JPA EntityManagerFactory for persistence unit 'default'
2023-01-18 11:10:55,388 INFO org.springframework.boot.devtools.autoconfigure.OptionalLiveReloadServer [restartedMain] LiveReload server is running on port 35729
2023-01-18 11:10:55,423 WARN org.springframework.boot.autoconfigure.orm.jpa.JpaBaseConfiguration$JpaWebConfiguration [restartedMain] spring.jpa.open-in-view is enabled by default. Therefore, database queries may be performed during view rendering. Explicitly configure spring.jpa.open-in-view to disable this warning
2023-01-18 11:10:55,781 INFO org.springframework.boot.web.embedded.tomcat.TomcatWebServer [restartedMain] Tomcat started on port(s): 8080 (http) with context path ''
2023-01-18 11:10:55,792 INFO org.springframework.boot.StartupInfoLogger [restartedMain] Started DemoApplication in 3.168 seconds (JVM running for 3.921)
2023-01-18 11:10:55,833 INFO com.example.demo.DemoApplication [restartedMain] waiting 10 milliseconds
2023-01-18 11:10:55,841 INFO com.example.demo.DemoApplication [SimpleAsyncTaskExecutor-1] Done: service3
2023-01-18 11:10:59,338 INFO com.example.demo.DemoApplication [SimpleAsyncTaskExecutor-1] Done: service1
2023-01-18 11:10:59,438 INFO com.example.demo.DemoApplication [SimpleAsyncTaskExecutor-1] Done: service2
2023-01-18 11:10:59,449 INFO com.example.demo.DemoApplication [restartedMain] Result -> Hello World !
2023-01-18 11:10:59,469 INFO org.springframework.orm.jpa.AbstractEntityManagerFactoryBean [restartedMain] Closing JPA EntityManagerFactory for persistence unit 'default'
2023-01-18 11:10:59,469 INFO org.hibernate.tool.schema.internal.SchemaDropperImpl$DelayedDropActionImpl [restartedMain] HHH000477: Starting delayed evictData of schema as part of SessionFactory shut-down'
2023-01-18 11:10:59,687 WARN org.springframework.beans.factory.support.DisposableBeanAdapter [restartedMain] Invocation of destroy method failed on bean with name 'inMemoryDatabaseShutdownExecutor': org.h2.jdbc.JdbcSQLNonTransientConnectionException: Database is already closed (to disable automatic closing at VM shutdown, add ";DB_CLOSE_ON_EXIT=FALSE" to the db URL) [90121-200]
2023-01-18 11:10:59,688 INFO com.zaxxer.hikari.HikariDataSource [restartedMain] HikariPool-1 - Shutdown initiated...
2023-01-18 11:10:59,690 INFO com.zaxxer.hikari.HikariDataSource [restartedMain] HikariPool-1 - Shutdown completed.
2023-01-18 11:12:10,791 INFO org.springframework.boot.StartupInfoLogger [restartedMain] Starting DemoApplication using Java 1.8.0_352 on shiney-new-thing.local with PID 23990 (/Users/Bug/tmp/demo/target/classes started by Bug in /Users/Bug/tmp/demo)
2023-01-18 11:12:10,793 INFO org.springframework.boot.SpringApplication [restartedMain] No active profile set, falling back to default profiles: default
2023-01-18 11:12:10,849 INFO org.springframework.boot.logging.DeferredLog [restartedMain] Devtools property defaults active! Set 'spring.devtools.add-properties' to 'false' to disable
2023-01-18 11:12:10,850 INFO org.springframework.boot.logging.DeferredLog [restartedMain] For additional web related logging consider setting the 'logging.level.web' property to 'DEBUG'
2023-01-18 11:12:11,433 INFO org.springframework.data.repository.config.RepositoryConfigurationDelegate [restartedMain] Bootstrapping Spring Data JPA repositories in DEFAULT mode.
2023-01-18 11:12:11,445 INFO org.springframework.data.repository.config.RepositoryConfigurationDelegate [restartedMain] Finished Spring Data repository scanning in 5 ms. Found 0 JPA repository interfaces.
2023-01-18 11:12:11,849 INFO org.springframework.boot.web.embedded.tomcat.TomcatWebServer [restartedMain] Tomcat initialized with port(s): 8080 (http)
2023-01-18 11:12:11,899 INFO org.springframework.boot.web.servlet.context.ServletWebServerApplicationContext [restartedMain] Root WebApplicationContext: initialization completed in 1048 ms
2023-01-18 11:12:12,022 INFO org.springframework.boot.autoconfigure.h2.H2ConsoleAutoConfiguration [restartedMain] H2 console available at '/h2-console'. Database available at 'jdbc:h2:mem:bc1f8e76-de26-4443-a29c-481508f51b56'
2023-01-18 11:12:12,516 INFO org.springframework.orm.jpa.AbstractEntityManagerFactoryBean [restartedMain] Initialized JPA EntityManagerFactory for persistence unit 'default'
2023-01-18 11:12:12,544 INFO org.springframework.boot.devtools.autoconfigure.OptionalLiveReloadServer [restartedMain] LiveReload server is running on port 35729
2023-01-18 11:12:12,581 WARN org.springframework.boot.autoconfigure.orm.jpa.JpaBaseConfiguration$JpaWebConfiguration [restartedMain] spring.jpa.open-in-view is enabled by default. Therefore, database queries may be performed during view rendering. Explicitly configure spring.jpa.open-in-view to disable this warning
2023-01-18 11:12:12,877 INFO org.springframework.boot.web.embedded.tomcat.TomcatWebServer [restartedMain] Tomcat started on port(s): 8080 (http) with context path ''
2023-01-18 11:12:12,889 INFO org.springframework.boot.StartupInfoLogger [restartedMain] Started DemoApplication in 2.493 seconds (JVM running for 3.118)
2023-01-18 11:12:12,928 INFO com.example.demo.DemoApplication [restartedMain] waiting 10 milliseconds
2023-01-18 11:12:12,936 INFO com.example.demo.DemoApplication [SimpleAsyncTaskExecutor-1] Done: service3
2023-01-18 11:12:16,433 INFO com.example.demo.DemoApplication [SimpleAsyncTaskExecutor-1] Done: service1
2023-01-18 11:12:16,530 INFO com.example.demo.DemoApplication [SimpleAsyncTaskExecutor-1] Done: service2
2023-01-18 11:12:16,531 INFO com.example.demo.DemoApplication [restartedMain] Result -> Hello World !
2023-01-18 11:12:16,550 INFO org.springframework.orm.jpa.AbstractEntityManagerFactoryBean [restartedMain] Closing JPA EntityManagerFactory for persistence unit 'default'
2023-01-18 11:12:16,765 WARN org.springframework.beans.factory.support.DisposableBeanAdapter [restartedMain] Invocation of destroy method failed on bean with name 'inMemoryDatabaseShutdownExecutor': org.h2.jdbc.JdbcSQLNonTransientConnectionException: Database is already closed (to disable automatic closing at VM shutdown, add ";DB_CLOSE_ON_EXIT=FALSE" to the db URL) [90121-200]
2023-01-18 11:12:40,436 INFO org.springframework.boot.StartupInfoLogger [restartedMain] Starting DemoApplication using Java 1.8.0_352 on shiney-new-thing.local with PID 23994 (/Users/Bug/tmp/demo/target/classes started by Bug in /Users/Bug/tmp/demo)
2023-01-18 11:12:40,438 INFO org.springframework.boot.SpringApplication [restartedMain] No active profile set, falling back to default profiles: default
2023-01-18 11:12:42,220 WARN org.springframework.boot.autoconfigure.orm.jpa.JpaBaseConfiguration$JpaWebConfiguration [restartedMain] spring.jpa.open-in-view is enabled by default. Therefore, database queries may be performed during view rendering. Explicitly configure spring.jpa.open-in-view to disable this warning
2023-01-18 11:12:42,506 INFO org.springframework.boot.StartupInfoLogger [restartedMain] Started DemoApplication in 2.495 seconds (JVM running for 3.074)
2023-01-18 11:12:42,547 INFO com.example.demo.DemoApplication [restartedMain] waiting 10 milliseconds
2023-01-18 11:12:42,555 INFO com.example.demo.DemoApplication [SimpleAsyncTaskExecutor-1] Done: service3
2023-01-18 11:12:46,052 INFO com.example.demo.DemoApplication [SimpleAsyncTaskExecutor-1] Done: service1
2023-01-18 11:12:46,151 INFO com.example.demo.DemoApplication [SimpleAsyncTaskExecutor-1] Done: service2
2023-01-18 11:12:46,152 INFO com.example.demo.DemoApplication [restartedMain] Result -> Hello World !
2023-01-18 11:12:46,388 WARN org.springframework.beans.factory.support.DisposableBeanAdapter [restartedMain] Invocation of destroy method failed on bean with name 'inMemoryDatabaseShutdownExecutor': org.h2.jdbc.JdbcSQLNonTransientConnectionException: Database is already closed (to disable automatic closing at VM shutdown, add ";DB_CLOSE_ON_EXIT=FALSE" to the db URL) [90121-200]
2023-01-18 14:32:41,878 INFO org.springframework.boot.StartupInfoLogger [restartedMain] Starting DemoApplication using Java 1.8.0_352 on shiney-new-thing.local with PID 25399 (/Users/Bug/tmp/demo/target/classes started by Bug in /Users/Bug/tmp/demo)
2023-01-18 14:32:41,881 INFO org.springframework.boot.SpringApplication [restartedMain] No active profile set, falling back to default profiles: default
2023-01-18 14:32:44,256 WARN org.springframework.boot.autoconfigure.orm.jpa.JpaBaseConfiguration$JpaWebConfiguration [restartedMain] spring.jpa.open-in-view is enabled by default. Therefore, database queries may be performed during view rendering. Explicitly configure spring.jpa.open-in-view to disable this warning
2023-01-18 14:32:44,609 INFO org.springframework.boot.StartupInfoLogger [restartedMain] Started DemoApplication in 3.208 seconds (JVM running for 3.819)
2023-01-18 14:32:44,649 INFO com.example.demo.DemoApplication [restartedMain] waiting 10 milliseconds
2023-01-18 14:32:44,685 INFO com.example.demo.DemoApplication [SimpleAsyncTaskExecutor-1] Done: service3
2023-01-18 14:32:48,178 INFO com.example.demo.DemoApplication [SimpleAsyncTaskExecutor-1] Done: service1
2023-01-18 14:32:48,276 INFO com.example.demo.DemoApplication [SimpleAsyncTaskExecutor-1] Done: service2
2023-01-18 14:32:48,283 INFO com.example.demo.DemoApplication [restartedMain] Result -> Hello World !
2023-01-18 14:32:48,527 WARN org.springframework.beans.factory.support.DisposableBeanAdapter [restartedMain] Invocation of destroy method failed on bean with name 'inMemoryDatabaseShutdownExecutor': org.h2.jdbc.JdbcSQLNonTransientConnectionException: Database is already closed (to disable automatic closing at VM shutdown, add ";DB_CLOSE_ON_EXIT=FALSE" to the db URL) [90121-200]
